This is pdfTeX, Version 3.14159265-2.6-1.40.20 (TeX Live 2019/W32TeX) (preloaded format=pdflatex 2019.11.26)  29 NOV 2019 16:38
entering extended mode
 restricted \write18 enabled.
 %&-line parsing enabled.
**Final_project.tex
(./Final_project.tex
LaTeX2e <2019-10-01> patch level 3
(c:/Users/Reto/AppData/Roaming/TinyTeX/texmf-dist/tex/latex/base/article.cls
Document Class: article 2019/10/25 v1.4k Standard LaTeX document class
(c:/Users/Reto/AppData/Roaming/TinyTeX/texmf-dist/tex/latex/base/size10.clo
File: size10.clo 2019/10/25 v1.4k Standard LaTeX file (size option)
)
\c@part=\count80
\c@section=\count81
\c@subsection=\count82
\c@subsubsection=\count83
\c@paragraph=\count84
\c@subparagraph=\count85
\c@figure=\count86
\c@table=\count87
\abovecaptionskip=\skip41
\belowcaptionskip=\skip42
\bibindent=\dimen102
)
(c:/Users/Reto/AppData/Roaming/TinyTeX/texmf-dist/tex/latex/graphics/graphicx.s
ty
Package: graphicx 2017/06/01 v1.1a Enhanced LaTeX Graphics (DPC,SPQR)

(c:/Users/Reto/AppData/Roaming/TinyTeX/texmf-dist/tex/latex/graphics/keyval.sty
Package: keyval 2014/10/28 v1.15 key=value parser (DPC)
\KV@toks@=\toks14
)
(c:/Users/Reto/AppData/Roaming/TinyTeX/texmf-dist/tex/latex/graphics/graphics.s
ty
Package: graphics 2019/11/01 v1.3d Standard LaTeX Graphics (DPC,SPQR)

(c:/Users/Reto/AppData/Roaming/TinyTeX/texmf-dist/tex/latex/graphics/trig.sty
Package: trig 2016/01/03 v1.10 sin cos tan (DPC)
)
(c:/Users/Reto/AppData/Roaming/TinyTeX/texmf-dist/tex/latex/graphics-cfg/graphi
cs.cfg
File: graphics.cfg 2016/06/04 v1.11 sample graphics configuration
)
Package graphics Info: Driver file: pdftex.def on input line 105.

(c:/Users/Reto/AppData/Roaming/TinyTeX/texmf-dist/tex/latex/graphics-def/pdftex
.def
File: pdftex.def 2018/01/08 v1.0l Graphics/color driver for pdftex
))
\Gin@req@height=\dimen103
\Gin@req@width=\dimen104
)
(c:/Users/Reto/AppData/Roaming/TinyTeX/texmf-dist/tex/latex/graphics/color.sty
Package: color 2016/07/10 v1.1e Standard LaTeX Color (DPC)

(c:/Users/Reto/AppData/Roaming/TinyTeX/texmf-dist/tex/latex/graphics-cfg/color.
cfg
File: color.cfg 2016/01/02 v1.6 sample color configuration
)
Package color Info: Driver file: pdftex.def on input line 147.
)
(c:/Users/Reto/AppData/Roaming/TinyTeX/texmf-dist/tex/latex/framed/framed.sty
Package: framed 2011/10/22 v 0.96: framed or shaded text with page breaks
\OuterFrameSep=\skip43
\fb@frw=\dimen105
\fb@frh=\dimen106
\FrameRule=\dimen107
\FrameSep=\dimen108
)
(c:/Users/Reto/AppData/Roaming/TinyTeX/texmf-dist/tex/latex/base/alltt.sty
Package: alltt 1997/06/16 v2.0g defines alltt environment
)
(c:/Users/Reto/AppData/Roaming/TinyTeX/texmf-dist/tex/latex/amsmath/amsmath.sty
Package: amsmath 2019/11/16 v2.17d AMS math features
\@mathmargin=\skip44
For additional information on amsmath, use the `?' option.

(c:/Users/Reto/AppData/Roaming/TinyTeX/texmf-dist/tex/latex/amsmath/amstext.sty
Package: amstext 2000/06/29 v2.01 AMS text
(c:/Users/Reto/AppData/Roaming/TinyTeX/texmf-dist/tex/latex/amsmath/amsgen.sty
File: amsgen.sty 1999/11/30 v2.0 generic functions
\@emptytoks=\toks15
\ex@=\dimen109
))
(c:/Users/Reto/AppData/Roaming/TinyTeX/texmf-dist/tex/latex/amsmath/amsbsy.sty
Package: amsbsy 1999/11/29 v1.2d Bold Symbols
\pmbraise@=\dimen110
) (c:/Users/Reto/AppData/Roaming/TinyTeX/texmf-dist/tex/latex/amsmath/amsopn.st
y
Package: amsopn 2016/03/08 v2.02 operator names
)
\inf@bad=\count88
LaTeX Info: Redefining \frac on input line 227.
\uproot@=\count89
\leftroot@=\count90
LaTeX Info: Redefining \overline on input line 389.
\classnum@=\count91
\DOTSCASE@=\count92
LaTeX Info: Redefining \ldots on input line 486.
LaTeX Info: Redefining \dots on input line 489.
LaTeX Info: Redefining \cdots on input line 610.
\Mathstrutbox@=\box27
\strutbox@=\box28
\big@size=\dimen111
LaTeX Font Info:    Redeclaring font encoding OML on input line 733.
LaTeX Font Info:    Redeclaring font encoding OMS on input line 734.
\macc@depth=\count93
\c@MaxMatrixCols=\count94
\dotsspace@=\muskip10
\c@parentequation=\count95
\dspbrk@lvl=\count96
\tag@help=\toks16
\row@=\count97
\column@=\count98
\maxfields@=\count99
\andhelp@=\toks17
\eqnshift@=\dimen112
\alignsep@=\dimen113
\tagshift@=\dimen114
\tagwidth@=\dimen115
\totwidth@=\dimen116
\lineht@=\dimen117
\@envbody=\toks18
\multlinegap=\skip45
\multlinetaggap=\skip46
\mathdisplay@stack=\toks19
LaTeX Info: Redefining \[ on input line 2858.
LaTeX Info: Redefining \] on input line 2859.
)
(c:/Users/Reto/AppData/Roaming/TinyTeX/texmf-dist/tex/latex/hyperref/hyperref.s
ty
Package: hyperref 2019/11/10 v7.00c Hypertext links for LaTeX

(c:/Users/Reto/AppData/Roaming/TinyTeX/texmf-dist/tex/generic/oberdiek/ltxcmds.
sty
Package: ltxcmds 2016/05/16 v1.23 LaTeX kernel commands for general use (HO)
)
(c:/Users/Reto/AppData/Roaming/TinyTeX/texmf-dist/tex/generic/iftex/iftex.sty
Package: iftex 2019/11/07 v1.0c TeX engine tests
)
(c:/Users/Reto/AppData/Roaming/TinyTeX/texmf-dist/tex/latex/pdftexcmds/pdftexcm
ds.sty
Package: pdftexcmds 2019/11/24 v0.31 Utility functions of pdfTeX for LuaTeX (HO
)

(c:/Users/Reto/AppData/Roaming/TinyTeX/texmf-dist/tex/generic/oberdiek/infwarer
r.sty
Package: infwarerr 2016/05/16 v1.4 Providing info/warning/error messages (HO)
)
Package pdftexcmds Info: \pdf@primitive is available.
Package pdftexcmds Info: \pdf@ifprimitive is available.
Package pdftexcmds Info: \pdfdraftmode found.
)
(c:/Users/Reto/AppData/Roaming/TinyTeX/texmf-dist/tex/generic/oberdiek/kvsetkey
s.sty
Package: kvsetkeys 2016/05/16 v1.17 Key value parser (HO)

(c:/Users/Reto/AppData/Roaming/TinyTeX/texmf-dist/tex/generic/oberdiek/etexcmds
.sty
Package: etexcmds 2016/05/16 v1.6 Avoid name clashes with e-TeX commands (HO)

(c:/Users/Reto/AppData/Roaming/TinyTeX/texmf-dist/tex/generic/iftex/ifluatex.st
y
Package: ifluatex 2019/10/25 v1.5 ifluatex legacy package. Use iftex instead.
)))
(c:/Users/Reto/AppData/Roaming/TinyTeX/texmf-dist/tex/generic/oberdiek/kvdefine
keys.sty
Package: kvdefinekeys 2016/05/16 v1.4 Define keys (HO)
)
(c:/Users/Reto/AppData/Roaming/TinyTeX/texmf-dist/tex/generic/oberdiek/pdfescap
e.sty
Package: pdfescape 2016/05/16 v1.14 Implements pdfTeX's escape features (HO)
)
(c:/Users/Reto/AppData/Roaming/TinyTeX/texmf-dist/tex/latex/oberdiek/hycolor.st
y
Package: hycolor 2016/05/16 v1.8 Color options for hyperref/bookmark (HO)

(c:/Users/Reto/AppData/Roaming/TinyTeX/texmf-dist/tex/latex/oberdiek/xcolor-pat
ch.sty
Package: xcolor-patch 2016/05/16 xcolor patch

(c:/Users/Reto/AppData/Roaming/TinyTeX/texmf-dist/tex/latex/oberdiek/hopatch.st
y
Package: hopatch 2016/05/16 v1.3 Wrapper for package hooks (HO)
)))
(c:/Users/Reto/AppData/Roaming/TinyTeX/texmf-dist/tex/latex/oberdiek/letltxmacr
o.sty
Package: letltxmacro 2016/05/16 v1.5 Let assignment for LaTeX macros (HO)
)
(c:/Users/Reto/AppData/Roaming/TinyTeX/texmf-dist/tex/latex/oberdiek/auxhook.st
y
Package: auxhook 2016/05/16 v1.4 Hooks for auxiliary files (HO)
)
(c:/Users/Reto/AppData/Roaming/TinyTeX/texmf-dist/tex/latex/oberdiek/kvoptions.
sty
Package: kvoptions 2016/05/16 v3.12 Key value format for package options (HO)
)
\@linkdim=\dimen118
\Hy@linkcounter=\count100
\Hy@pagecounter=\count101

(c:/Users/Reto/AppData/Roaming/TinyTeX/texmf-dist/tex/latex/hyperref/pd1enc.def
File: pd1enc.def 2019/11/10 v7.00c Hyperref: PDFDocEncoding definition (HO)
Now handling font encoding PD1 ...
... no UTF-8 mapping file for font encoding PD1
)
(c:/Users/Reto/AppData/Roaming/TinyTeX/texmf-dist/tex/generic/oberdiek/intcalc.
sty
Package: intcalc 2016/05/16 v1.2 Expandable calculations with integers (HO)
)
\Hy@SavedSpaceFactor=\count102

(c:/Users/Reto/AppData/Roaming/TinyTeX/texmf-dist/tex/latex/latexconfig/hyperre
f.cfg
File: hyperref.cfg 2002/06/06 v1.2 hyperref configuration of TeXLive
)
Package hyperref Info: Hyper figures OFF on input line 4535.
Package hyperref Info: Link nesting OFF on input line 4540.
Package hyperref Info: Hyper index ON on input line 4543.
Package hyperref Info: Plain pages OFF on input line 4550.
Package hyperref Info: Backreferencing OFF on input line 4555.
Package hyperref Info: Implicit mode ON; LaTeX internals redefined.
Package hyperref Info: Bookmarks ON on input line 4788.
\c@Hy@tempcnt=\count103
 (c:/Users/Reto/AppData/Roaming/TinyTeX/texmf-dist/tex/latex/url/url.sty
\Urlmuskip=\muskip11
Package: url 2013/09/16  ver 3.4  Verb mode for urls, etc.
)
LaTeX Info: Redefining \url on input line 5147.
\XeTeXLinkMargin=\dimen119

(c:/Users/Reto/AppData/Roaming/TinyTeX/texmf-dist/tex/generic/oberdiek/bitset.s
ty
Package: bitset 2016/05/16 v1.2 Handle bit-vector datatype (HO)

(c:/Users/Reto/AppData/Roaming/TinyTeX/texmf-dist/tex/generic/oberdiek/bigintca
lc.sty
Package: bigintcalc 2016/05/16 v1.4 Expandable calculations on big integers (HO
)
))
\Fld@menulength=\count104
\Field@Width=\dimen120
\Fld@charsize=\dimen121
Package hyperref Info: Hyper figures OFF on input line 6418.
Package hyperref Info: Link nesting OFF on input line 6423.
Package hyperref Info: Hyper index ON on input line 6426.
Package hyperref Info: backreferencing OFF on input line 6433.
Package hyperref Info: Link coloring OFF on input line 6438.
Package hyperref Info: Link coloring with OCG OFF on input line 6443.
Package hyperref Info: PDF/A mode OFF on input line 6448.
LaTeX Info: Redefining \ref on input line 6488.
LaTeX Info: Redefining \pageref on input line 6492.

(c:/Users/Reto/AppData/Roaming/TinyTeX/texmf-dist/tex/generic/oberdiek/atbegshi
.sty
Package: atbegshi 2016/06/09 v1.18 At begin shipout hook (HO)

(c:/Users/Reto/AppData/Roaming/TinyTeX/texmf-dist/tex/generic/iftex/ifpdf.sty
Package: ifpdf 2019/10/25 v3.4 ifpdf legacy package. Use iftex instead.
))
\Hy@abspage=\count105
\c@Item=\count106
\c@Hfootnote=\count107
)
Package hyperref Info: Driver (autodetected): hpdftex.

(c:/Users/Reto/AppData/Roaming/TinyTeX/texmf-dist/tex/latex/hyperref/hpdftex.de
f
File: hpdftex.def 2019/11/10 v7.00c Hyperref driver for pdfTeX

(c:/Users/Reto/AppData/Roaming/TinyTeX/texmf-dist/tex/latex/oberdiek/atveryend.
sty
Package: atveryend 2016/05/16 v1.9 Hooks at the very end of document (HO)
Package atveryend Info: \enddocument detected (standard20110627).
)
\Fld@listcount=\count108
\c@bookmark@seq@number=\count109

(c:/Users/Reto/AppData/Roaming/TinyTeX/texmf-dist/tex/latex/oberdiek/rerunfilec
heck.sty
Package: rerunfilecheck 2016/05/16 v1.8 Rerun checks for auxiliary files (HO)

(c:/Users/Reto/AppData/Roaming/TinyTeX/texmf-dist/tex/generic/oberdiek/uniqueco
unter.sty
Package: uniquecounter 2016/05/16 v1.3 Provide unlimited unique counter (HO)
)
Package uniquecounter Info: New unique counter `rerunfilecheck' on input line 2
85.
)
\Hy@SectionHShift=\skip47
)
(c:/Users/Reto/AppData/Roaming/TinyTeX/texmf-dist/tex/latex/natbib/natbib.sty
Package: natbib 2010/09/13 8.31b (PWD, AO)
\bibhang=\skip48
\bibsep=\skip49
LaTeX Info: Redefining \cite on input line 694.
\c@NAT@ctr=\count110
)
(c:/Users/Reto/AppData/Roaming/TinyTeX/texmf-dist/tex/latex/upquote/upquote.sty
Package: upquote 2012/04/19 v1.3 upright-quote and grave-accent glyphs in verba
tim
) (./Final_project.aux)
\openout1 = `Final_project.aux'.

LaTeX Font Info:    Checking defaults for OML/cmm/m/it on input line 67.
LaTeX Font Info:    ... okay on input line 67.
LaTeX Font Info:    Checking defaults for T1/cmr/m/n on input line 67.
LaTeX Font Info:    ... okay on input line 67.
LaTeX Font Info:    Checking defaults for OT1/cmr/m/n on input line 67.
LaTeX Font Info:    ... okay on input line 67.
LaTeX Font Info:    Checking defaults for OMS/cmsy/m/n on input line 67.
LaTeX Font Info:    ... okay on input line 67.
LaTeX Font Info:    Checking defaults for OMX/cmex/m/n on input line 67.
LaTeX Font Info:    ... okay on input line 67.
LaTeX Font Info:    Checking defaults for U/cmr/m/n on input line 67.
LaTeX Font Info:    ... okay on input line 67.
LaTeX Font Info:    Checking defaults for PD1/pdf/m/n on input line 67.
LaTeX Font Info:    ... okay on input line 67.

(c:/Users/Reto/AppData/Roaming/TinyTeX/texmf-dist/tex/latex/epstopdf-pkg/epstop
df-base.sty
Package: epstopdf-base 2019/11/24 v2.7 Base part for package epstopdf

(c:/Users/Reto/AppData/Roaming/TinyTeX/texmf-dist/tex/latex/oberdiek/grfext.sty
Package: grfext 2016/05/16 v1.2 Manage graphics extensions (HO)
)
Package epstopdf-base Info: Redefining graphics rule for `.eps' on input line 4
42.
Package grfext Info: Graphics extension search list:
(grfext)             [.pdf,.png,.jpg,.mps,.jpeg,.jbig2,.jb2,.PDF,.PNG,.JPG,.JPE
G,.JBIG2,.JB2,.eps]
(grfext)             \AppendGraphicsExtensions on input line 460.

(c:/Users/Reto/AppData/Roaming/TinyTeX/texmf-dist/tex/latex/latexconfig/epstopd
f-sys.cfg
File: epstopdf-sys.cfg 2010/07/13 v1.3 Configuration of (r)epstopdf for TeX Liv
e
))
\AtBeginShipoutBox=\box29
Package hyperref Info: Link coloring OFF on input line 67.

(c:/Users/Reto/AppData/Roaming/TinyTeX/texmf-dist/tex/latex/hyperref/nameref.st
y
Package: nameref 2019/09/16 v2.46 Cross-referencing by name of section

(c:/Users/Reto/AppData/Roaming/TinyTeX/texmf-dist/tex/latex/oberdiek/refcount.s
ty
Package: refcount 2016/05/16 v3.5 Data extraction from label references (HO)
)
(c:/Users/Reto/AppData/Roaming/TinyTeX/texmf-dist/tex/generic/oberdiek/gettitle
string.sty
Package: gettitlestring 2016/05/16 v1.5 Cleanup title references (HO)
)
\c@section@level=\count111
)
LaTeX Info: Redefining \ref on input line 67.
LaTeX Info: Redefining \pageref on input line 67.
LaTeX Info: Redefining \nameref on input line 67.
 (./Final_project.out) (./Final_project.out)
\@outlinefile=\write3
\openout3 = `Final_project.out'.

Package color Info: Redefining color shadecolor on input line 83.
LaTeX Font Info:    Font shape `OT1/cmtt/bx/n' in size <10> not available
(Font)              Font shape `OT1/cmtt/m/n' tried instead on input line 85.
<figure/plot1-1.pdf, id=38, 505.89pt x 361.35pt>
File: figure/plot1-1.pdf Graphic file (type pdf)
<use figure/plot1-1.pdf>
Package pdftex.def Info: figure/plot1-1.pdf  used on input line 92.
(pdftex.def)             Requested size: 345.0pt x 246.43153pt.

Underfull \hbox (badness 10000) in paragraph at lines 92--93

 []

Package color Info: Redefining color shadecolor on input line 109.
<figure/plot2-1.pdf, id=39, 505.89pt x 361.35pt>
File: figure/plot2-1.pdf Graphic file (type pdf)
<use figure/plot2-1.pdf>
Package pdftex.def Info: figure/plot2-1.pdf  used on input line 115.
(pdftex.def)             Requested size: 345.0pt x 246.43153pt.

Underfull \hbox (badness 10000) in paragraph at lines 115--116

 []

[1{c:/Users/Reto/AppData/Roaming/TinyTeX/texmf-var/fonts/map/pdftex/updmap/pdft
ex.map}

 <./figure/plot1-1.pdf>] [2 <./figure/plot2-1.pdf>]
Package color Info: Redefining color shadecolor on input line 162.

Overfull \hbox (3.2331pt too wide) in paragraph at lines 165--165
[][]\OT1/cmtt/m/it/10 # -------------------------------------------------------
---------[][] 
 []

Package color Info: Redefining color shadecolor on input line 173.
<figure/plot3-1.pdf, id=67, 505.89pt x 361.35pt>
File: figure/plot3-1.pdf Graphic file (type pdf)
<use figure/plot3-1.pdf>
Package pdftex.def Info: figure/plot3-1.pdf  used on input line 181.
(pdftex.def)             Requested size: 345.0pt x 246.43153pt.

Underfull \hbox (badness 10000) in paragraph at lines 181--182

 []

Package color Info: Redefining color shadecolor on input line 196.
[3] [4 <./figure/plot3-1.pdf>]
Package color Info: Redefining color shadecolor on input line 236.
<figure/plot4-1.pdf, id=95, 505.89pt x 361.35pt>
File: figure/plot4-1.pdf Graphic file (type pdf)
<use figure/plot4-1.pdf>
Package pdftex.def Info: figure/plot4-1.pdf  used on input line 244.
(pdftex.def)             Requested size: 345.0pt x 246.43153pt.

Underfull \hbox (badness 10000) in paragraph at lines 244--245

 []

Package color Info: Redefining color shadecolor on input line 262.
<figure/plot5-1.pdf, id=97, 505.89pt x 361.35pt>
File: figure/plot5-1.pdf Graphic file (type pdf)
<use figure/plot5-1.pdf>
Package pdftex.def Info: figure/plot5-1.pdf  used on input line 277.
(pdftex.def)             Requested size: 345.0pt x 246.43153pt.

Underfull \hbox (badness 10000) in paragraph at lines 277--278

 []

Package color Info: Redefining color shadecolor on input line 296.
LaTeX Font Info:    Trying to load font information for OMS+cmtt on input line 
304.
(c:/Program Files/R/R-3.6.1/share/texmf/tex/latex/omscmtt.fd
File: omscmtt.fd 
)
LaTeX Font Info:    Font shape `OMS/cmtt/m/n' in size <10> not available
(Font)              Font shape `OMS/cmsy/m/n' tried instead on input line 304.
<figure/plot6-1.pdf, id=98, 505.89pt x 361.35pt>
File: figure/plot6-1.pdf Graphic file (type pdf)
<use figure/plot6-1.pdf>
Package pdftex.def Info: figure/plot6-1.pdf  used on input line 321.
(pdftex.def)             Requested size: 345.0pt x 246.43153pt.

Underfull \hbox (badness 10000) in paragraph at lines 321--322

 []

Package color Info: Redefining color shadecolor on input line 337.
<figure/plot7-1.pdf, id=99, 505.89pt x 361.35pt>
File: figure/plot7-1.pdf Graphic file (type pdf)
<use figure/plot7-1.pdf>
Package pdftex.def Info: figure/plot7-1.pdf  used on input line 360.
(pdftex.def)             Requested size: 345.0pt x 246.43153pt.

Underfull \hbox (badness 10000) in paragraph at lines 360--361

 []

Package color Info: Redefining color shadecolor on input line 374.

Overfull \hbox (17.24684pt too wide) in paragraph at lines 386--386
[]    []\OT1/cmtt/m/n/10 gam_pred[] []<-[] []unname[][]([][]exp[][]([][]predict
[][](fit,[] []newdata[] []=[] []list[][]([][]year[] []=[] []c[][]([][]2008[][],
[][] 
 []


Overfull \hbox (1.49698pt too wide) in paragraph at lines 388--388
[]    []\OT1/cmtt/m/n/10 ssfpl_pred[] []<-[] []predict[][](fit_ssfpl,[] []newda
ta[] []=[] []list[][]([][]year[] []=[] []c[][]([][]2008[][],[][] 
 []


Overfull \hbox (17.24684pt too wide) in paragraph at lines 397--397
[][]\OT1/cmtt/m/n/10 plot[][]([][]density[][](out[,[] []1[][]]),[] []main[] []=
[] []"Difference to true function at 2008"[][],[][] 
 []

<figure/plot8-1.pdf, id=100, 505.89pt x 361.35pt>
File: figure/plot8-1.pdf Graphic file (type pdf)
<use figure/plot8-1.pdf>
Package pdftex.def Info: figure/plot8-1.pdf  used on input line 408.
(pdftex.def)             Requested size: 345.0pt x 246.43153pt.

Underfull \hbox (badness 10000) in paragraph at lines 408--409

 []


LaTeX Warning: Float too large for page by 101.76488pt on input line 415.

Package color Info: Redefining color shadecolor on input line 420.

Overfull \hbox (17.24684pt too wide) in paragraph at lines 422--422
[][]\OT1/cmtt/m/n/10 plot[][]([][]density[][](out[,[] []2[][]]),[] []main[] []=
[] []"Difference to true function at 2017"[][],[][] 
 []

<figure/plot9-1.pdf, id=101, 505.89pt x 361.35pt>
File: figure/plot9-1.pdf Graphic file (type pdf)
<use figure/plot9-1.pdf>
Package pdftex.def Info: figure/plot9-1.pdf  used on input line 433.
(pdftex.def)             Requested size: 345.0pt x 246.43153pt.

Underfull \hbox (badness 10000) in paragraph at lines 433--434

 []

[5] [6 <./figure/plot4-1.pdf>] [7 <./figure/plot5-1.pdf>] [8 <./figure/plot6-1.
pdf>] [9 <./figure/plot7-1.pdf>] [10 <./figure/plot8-1.pdf>] [11 <./figure/plot
9-1.pdf>] (./Final_project.bbl)
Package atveryend Info: Empty hook `BeforeClearDocument' on input line 454.
 [12]
Package atveryend Info: Empty hook `AfterLastShipout' on input line 454.
 (./Final_project.aux)
Package atveryend Info: Executing hook `AtVeryEndDocument' on input line 454.
Package atveryend Info: Executing hook `AtEndAfterFileList' on input line 454.
Package rerunfilecheck Info: File `Final_project.out' has not changed.
(rerunfilecheck)             Checksum: C19764C7D24C3A1C3A30544E594DD6AF;437.
Package atveryend Info: Empty hook `AtVeryVeryEnd' on input line 454.
 ) 
Here is how much of TeX's memory you used:
 6025 strings out of 494108
 90859 string characters out of 6172307
 221947 words of memory out of 5000000
 9998 multiletter control sequences out of 15000+600000
 5986 words of font info for 23 fonts, out of 8000000 for 9000
 14 hyphenation exceptions out of 8191
 39i,6n,28p,453b,377s stack positions out of 5000i,500n,10000p,200000b,80000s
<c:/Users/Reto/AppData/Roaming/TinyTeX/texmf-dist/fonts/type1/public/amsfonts
/cm/cmbx12.pfb><c:/Users/Reto/AppData/Roaming/TinyTeX/texmf-dist/fonts/type1/pu
blic/amsfonts/cm/cmex10.pfb><c:/Users/Reto/AppData/Roaming/TinyTeX/texmf-dist/f
onts/type1/public/amsfonts/cm/cmitt10.pfb><c:/Users/Reto/AppData/Roaming/TinyTe
X/texmf-dist/fonts/type1/public/amsfonts/cm/cmmi10.pfb><c:/Users/Reto/AppData/R
oaming/TinyTeX/texmf-dist/fonts/type1/public/amsfonts/cm/cmmi7.pfb><c:/Users/Re
to/AppData/Roaming/TinyTeX/texmf-dist/fonts/type1/public/amsfonts/cm/cmr10.pfb>
<c:/Users/Reto/AppData/Roaming/TinyTeX/texmf-dist/fonts/type1/public/amsfonts/c
m/cmr7.pfb><c:/Users/Reto/AppData/Roaming/TinyTeX/texmf-dist/fonts/type1/public
/amsfonts/cm/cmsy10.pfb><c:/Users/Reto/AppData/Roaming/TinyTeX/texmf-dist/fonts
/type1/public/amsfonts/cm/cmsy7.pfb><c:/Users/Reto/AppData/Roaming/TinyTeX/texm
f-dist/fonts/type1/public/amsfonts/cm/cmti10.pfb><c:/Users/Reto/AppData/Roaming
/TinyTeX/texmf-dist/fonts/type1/public/amsfonts/cm/cmtt10.pfb>
Output written on Final_project.pdf (12 pages, 236192 bytes).
PDF statistics:
 222 PDF objects out of 1000 (max. 8388607)
 177 compressed objects within 2 object streams
 35 named destinations out of 1000 (max. 500000)
 110 words of extra memory for PDF output out of 10000 (max. 10000000)

