This is pdfTeX, Version 3.14159265-2.6-1.40.20 (TeX Live 2019/W32TeX) (preloaded format=pdflatex 2019.11.26)  27 NOV 2019 13:09
entering extended mode
 restricted \write18 enabled.
 %&-line parsing enabled.
**shortname3.tex
(./shortname3.tex
LaTeX2e <2019-10-01> patch level 3
(c:/Users/Reto/AppData/Roaming/TinyTeX/texmf-dist/tex/latex/base/article.cls
Document Class: article 2019/10/25 v1.4k Standard LaTeX document class
(c:/Users/Reto/AppData/Roaming/TinyTeX/texmf-dist/tex/latex/base/size10.clo
File: size10.clo 2019/10/25 v1.4k Standard LaTeX file (size option)
)
\c@part=\count80
\c@section=\count81
\c@subsection=\count82
\c@subsubsection=\count83
\c@paragraph=\count84
\c@subparagraph=\count85
\c@figure=\count86
\c@table=\count87
\abovecaptionskip=\skip41
\belowcaptionskip=\skip42
\bibindent=\dimen102
)
(c:/Users/Reto/AppData/Roaming/TinyTeX/texmf-dist/tex/latex/graphics/graphicx.s
ty
Package: graphicx 2017/06/01 v1.1a Enhanced LaTeX Graphics (DPC,SPQR)

(c:/Users/Reto/AppData/Roaming/TinyTeX/texmf-dist/tex/latex/graphics/keyval.sty
Package: keyval 2014/10/28 v1.15 key=value parser (DPC)
\KV@toks@=\toks14
)
(c:/Users/Reto/AppData/Roaming/TinyTeX/texmf-dist/tex/latex/graphics/graphics.s
ty
Package: graphics 2019/11/01 v1.3d Standard LaTeX Graphics (DPC,SPQR)

(c:/Users/Reto/AppData/Roaming/TinyTeX/texmf-dist/tex/latex/graphics/trig.sty
Package: trig 2016/01/03 v1.10 sin cos tan (DPC)
)
(c:/Users/Reto/AppData/Roaming/TinyTeX/texmf-dist/tex/latex/graphics-cfg/graphi
cs.cfg
File: graphics.cfg 2016/06/04 v1.11 sample graphics configuration
)
Package graphics Info: Driver file: pdftex.def on input line 105.

(c:/Users/Reto/AppData/Roaming/TinyTeX/texmf-dist/tex/latex/graphics-def/pdftex
.def
File: pdftex.def 2018/01/08 v1.0l Graphics/color driver for pdftex
))
\Gin@req@height=\dimen103
\Gin@req@width=\dimen104
)
(c:/Users/Reto/AppData/Roaming/TinyTeX/texmf-dist/tex/latex/graphics/color.sty
Package: color 2016/07/10 v1.1e Standard LaTeX Color (DPC)

(c:/Users/Reto/AppData/Roaming/TinyTeX/texmf-dist/tex/latex/graphics-cfg/color.
cfg
File: color.cfg 2016/01/02 v1.6 sample color configuration
)
Package color Info: Driver file: pdftex.def on input line 147.
)
(c:/Users/Reto/AppData/Roaming/TinyTeX/texmf-dist/tex/latex/framed/framed.sty
Package: framed 2011/10/22 v 0.96: framed or shaded text with page breaks
\OuterFrameSep=\skip43
\fb@frw=\dimen105
\fb@frh=\dimen106
\FrameRule=\dimen107
\FrameSep=\dimen108
)
(c:/Users/Reto/AppData/Roaming/TinyTeX/texmf-dist/tex/latex/base/alltt.sty
Package: alltt 1997/06/16 v2.0g defines alltt environment
)
(c:/Users/Reto/AppData/Roaming/TinyTeX/texmf-dist/tex/latex/base/inputenc.sty
Package: inputenc 2018/08/11 v1.3c Input encoding file
\inpenc@prehook=\toks15
\inpenc@posthook=\toks16
)
(c:/Users/Reto/AppData/Roaming/TinyTeX/texmf-dist/tex/latex/upquote/upquote.sty
Package: upquote 2012/04/19 v1.3 upright-quote and grave-accent glyphs in verba
tim
) (./shortname3.aux)
\openout1 = `shortname3.aux'.

LaTeX Font Info:    Checking defaults for OML/cmm/m/it on input line 58.
LaTeX Font Info:    ... okay on input line 58.
LaTeX Font Info:    Checking defaults for T1/cmr/m/n on input line 58.
LaTeX Font Info:    ... okay on input line 58.
LaTeX Font Info:    Checking defaults for OT1/cmr/m/n on input line 58.
LaTeX Font Info:    ... okay on input line 58.
LaTeX Font Info:    Checking defaults for OMS/cmsy/m/n on input line 58.
LaTeX Font Info:    ... okay on input line 58.
LaTeX Font Info:    Checking defaults for OMX/cmex/m/n on input line 58.
LaTeX Font Info:    ... okay on input line 58.
LaTeX Font Info:    Checking defaults for U/cmr/m/n on input line 58.
LaTeX Font Info:    ... okay on input line 58.

(c:/Users/Reto/AppData/Roaming/TinyTeX/texmf-dist/tex/latex/epstopdf-pkg/epstop
df-base.sty
Package: epstopdf-base 2019/11/24 v2.7 Base part for package epstopdf

(c:/Users/Reto/AppData/Roaming/TinyTeX/texmf-dist/tex/generic/oberdiek/infwarer
r.sty
Package: infwarerr 2016/05/16 v1.4 Providing info/warning/error messages (HO)
)
(c:/Users/Reto/AppData/Roaming/TinyTeX/texmf-dist/tex/latex/oberdiek/grfext.sty
Package: grfext 2016/05/16 v1.2 Manage graphics extensions (HO)

(c:/Users/Reto/AppData/Roaming/TinyTeX/texmf-dist/tex/generic/oberdiek/kvdefine
keys.sty
Package: kvdefinekeys 2016/05/16 v1.4 Define keys (HO)

(c:/Users/Reto/AppData/Roaming/TinyTeX/texmf-dist/tex/generic/oberdiek/ltxcmds.
sty
Package: ltxcmds 2016/05/16 v1.23 LaTeX kernel commands for general use (HO)
)))
(c:/Users/Reto/AppData/Roaming/TinyTeX/texmf-dist/tex/latex/oberdiek/kvoptions.
sty
Package: kvoptions 2016/05/16 v3.12 Key value format for package options (HO)

(c:/Users/Reto/AppData/Roaming/TinyTeX/texmf-dist/tex/generic/oberdiek/kvsetkey
s.sty
Package: kvsetkeys 2016/05/16 v1.17 Key value parser (HO)

(c:/Users/Reto/AppData/Roaming/TinyTeX/texmf-dist/tex/generic/oberdiek/etexcmds
.sty
Package: etexcmds 2016/05/16 v1.6 Avoid name clashes with e-TeX commands (HO)

(c:/Users/Reto/AppData/Roaming/TinyTeX/texmf-dist/tex/generic/iftex/ifluatex.st
y
Package: ifluatex 2019/10/25 v1.5 ifluatex legacy package. Use iftex instead.
 (c:/Users/Reto/AppData/Roaming/TinyTeX/texmf-dist/tex/generic/iftex/iftex.sty
Package: iftex 2019/11/07 v1.0c TeX engine tests
)))))
(c:/Users/Reto/AppData/Roaming/TinyTeX/texmf-dist/tex/latex/pdftexcmds/pdftexcm
ds.sty
Package: pdftexcmds 2019/11/24 v0.31 Utility functions of pdfTeX for LuaTeX (HO
)
Package pdftexcmds Info: \pdf@primitive is available.
Package pdftexcmds Info: \pdf@ifprimitive is available.
Package pdftexcmds Info: \pdfdraftmode found.
)
Package epstopdf-base Info: Redefining graphics rule for `.eps' on input line 4
42.
Package grfext Info: Graphics extension search list:
(grfext)             [.pdf,.png,.jpg,.mps,.jpeg,.jbig2,.jb2,.PDF,.PNG,.JPG,.JPE
G,.JBIG2,.JB2,.eps]
(grfext)             \AppendGraphicsExtensions on input line 460.

(c:/Users/Reto/AppData/Roaming/TinyTeX/texmf-dist/tex/latex/latexconfig/epstopd
f-sys.cfg
File: epstopdf-sys.cfg 2010/07/13 v1.3 Configuration of (r)epstopdf for TeX Liv
e
))
LaTeX Font Info:    External font `cmex10' loaded for size
(Font)              <12> on input line 60.
LaTeX Font Info:    External font `cmex10' loaded for size
(Font)              <8> on input line 60.
LaTeX Font Info:    External font `cmex10' loaded for size
(Font)              <6> on input line 60.
LaTeX Font Info:    External font `cmex10' loaded for size
(Font)              <7> on input line 69.
LaTeX Font Info:    External font `cmex10' loaded for size
(Font)              <5> on input line 69.
Package color Info: Redefining color shadecolor on input line 97.
LaTeX Font Info:    Font shape `OT1/cmtt/bx/n' in size <10> not available
(Font)              Font shape `OT1/cmtt/m/n' tried instead on input line 99.

Overfull \hbox (1.49698pt too wide) in paragraph at lines 107--107
[]\OT1/cmtt/m/it/10 ## This is mgcv 1.8-29. For overview type 'help("mgcv-packa
ge")'.[] 
 []

[1

{c:/Users/Reto/AppData/Roaming/TinyTeX/texmf-var/fonts/map/pdftex/updmap/pdftex
.map}]
Package color Info: Redefining color shadecolor on input line 118.
<figure/unnamed-chunk-2-1.pdf, id=16, 505.89pt x 505.89pt>
File: figure/unnamed-chunk-2-1.pdf Graphic file (type pdf)
<use figure/unnamed-chunk-2-1.pdf>
Package pdftex.def Info: figure/unnamed-chunk-2-1.pdf  used on input line 124.
(pdftex.def)             Requested size: 345.0pt x 345.00414pt.

Overfull \hbox (15.0pt too wide) in paragraph at lines 124--125
[][] 
 []

Package color Info: Redefining color shadecolor on input line 131.
[2 <./figure/unnamed-chunk-2-1.pdf>] [3] (./shortname3.aux) ) 
Here is how much of TeX's memory you used:
 1393 strings out of 494108
 21510 string characters out of 6172307
 82434 words of memory out of 5000000
 5495 multiletter control sequences out of 15000+600000
 8231 words of font info for 30 fonts, out of 8000000 for 9000
 14 hyphenation exceptions out of 8191
 55i,6n,32p,300b,246s stack positions out of 5000i,500n,10000p,200000b,80000s
<c:/Users/Reto/App
Data/Roaming/TinyTeX/texmf-dist/fonts/type1/public/amsfonts/cm/cmbx10.pfb><c:/U
sers/Reto/AppData/Roaming/TinyTeX/texmf-dist/fonts/type1/public/amsfonts/cm/cmb
x12.pfb><c:/Users/Reto/AppData/Roaming/TinyTeX/texmf-dist/fonts/type1/public/am
sfonts/cm/cmitt10.pfb><c:/Users/Reto/AppData/Roaming/TinyTeX/texmf-dist/fonts/t
ype1/public/amsfonts/cm/cmmi10.pfb><c:/Users/Reto/AppData/Roaming/TinyTeX/texmf
-dist/fonts/type1/public/amsfonts/cm/cmmi7.pfb><c:/Users/Reto/AppData/Roaming/T
inyTeX/texmf-dist/fonts/type1/public/amsfonts/cm/cmr10.pfb><c:/Users/Reto/AppDa
ta/Roaming/TinyTeX/texmf-dist/fonts/type1/public/amsfonts/cm/cmr12.pfb><c:/User
s/Reto/AppData/Roaming/TinyTeX/texmf-dist/fonts/type1/public/amsfonts/cm/cmr17.
pfb><c:/Users/Reto/AppData/Roaming/TinyTeX/texmf-dist/fonts/type1/public/amsfon
ts/cm/cmr7.pfb><c:/Users/Reto/AppData/Roaming/TinyTeX/texmf-dist/fonts/type1/pu
blic/amsfonts/cm/cmsy10.pfb><c:/Users/Reto/AppData/Roaming/TinyTeX/texmf-dist/f
onts/type1/public/amsfonts/cm/cmtt10.pfb>
Output written on shortname3.pdf (3 pages, 136678 bytes).
PDF statistics:
 64 PDF objects out of 1000 (max. 8388607)
 45 compressed objects within 1 object stream
 0 named destinations out of 1000 (max. 500000)
 6 words of extra memory for PDF output out of 10000 (max. 10000000)

